This file contains any messages produced by compilers while
running configure, to aid debugging if configure makes a mistake.

It was created by nceplibs bacio configure v2.1.0, which was
generated by GNU Autoconf 2.63.  Invocation command line was

  $ ./configure --prefix=/home/Hang.Lei/save/library/NCEPLIBS-bacio --enable-promote=4

## --------- ##
## Platform. ##
## --------- ##

hostname = tfe03
uname -m = x86_64
uname -r = 3.10.0-693.21.1.el7.x86_64
uname -s = Linux
uname -v = #1 SMP Fri Feb 23 18:54:16 UTC 2018

/usr/bin/uname -p = x86_64
/bin/uname -X     = unknown

/bin/arch              = x86_64
/usr/bin/arch -k       = unknown
/usr/convex/getsysinfo = unknown
/usr/bin/hostinfo      = unknown
/bin/machine           = unknown
/usr/bin/oslevel       = unknown
/bin/universe          = unknown

PATH: /apps/hpss
PATH: /apps/wgrib2/0.1.9.5.1/bin
PATH: /apps/wgrib/1.8.1.0b/bin
PATH: /apps/netcdf/4.3.0-intel/bin
PATH: /apps/ImageMagick/7.0.5/bin
PATH: /apps/cairo/1.14.2/bin
PATH: /apps/ncl/6.3.0-nodap_gcc447/intel.bin
PATH: /apps/grads/2.0.1a/bin
PATH: /apps/intel/composer_xe_2013_sp1.2.144/mpirt/bin/intel64
PATH: /apps/intel/composer_xe_2013_sp1.2.144/bin/intel64
PATH: /apps/intel/composer_xe_2013_sp1.2.144/debugger/gdb/intel64_mic/py27/py27/bin
PATH: /apps/intel/composer_xe_2013_sp1.2.144/debugger/gdb/intel64/py27/bin
PATH: /apps/intel/composer_xe_2013_sp1.2.144/debugger/gui/intel64
PATH: /apps/intel/composer_xe_2013_sp1.2.144/bin/intel64_mic
PATH: .
PATH: /home/Hang.Lei/bin
PATH: /usr/lib64/qt-3.3/bin
PATH: /usr/local/bin
PATH: /bin
PATH: /usr/bin
PATH: /usr/local/sbin
PATH: /usr/sbin
PATH: /apps/moab/default/moab/tools
PATH: /apps/moab/default/bin
PATH: /apps/moab/default/sbin
PATH: /apps/torque/default/bin
PATH: /apps/torque/default/sbin
PATH: /apps/mam/default/bin
PATH: /apps/mam/default/sbin
PATH: /apps/local/bin
PATH: /apps/local/sbin
PATH: /apps/idl/idl82/bin


## ----------- ##
## Core tests. ##
## ----------- ##

configure:1768: nceplibs bacio v2.1.0
configure:1897: checking for C compiler version
configure:1905: icc --version >&5
icc (ICC) 14.0.2 20140120
Copyright (C) 1985-2014 Intel Corporation.  All rights reserved.

configure:1909: $? = 0
configure:1916: icc -v >&5
icc version 14.0.2 (gcc version 4.8.0 compatibility)
configure:1920: $? = 0
configure:1927: icc -V >&5
Intel(R) C Intel(R) 64 Compiler XE for applications running on Intel(R) 64, Version 14.0.2.144 Build 20140120
Copyright (C) 1985-2014 Intel Corporation.  All rights reserved.

configure:1931: $? = 0
configure:1954: checking for C compiler default output file name
configure:1976: icc   -O3  -DUNDERSCORE  -DLINUX   conftest.c  >&5
configure:1980: $? = 0
configure:2018: result: a.out
configure:2037: checking whether the C compiler works
configure:2047: ./a.out
configure:2051: $? = 0
configure:2070: result: yes
configure:2077: checking whether we are cross compiling
configure:2079: result: no
configure:2082: checking for suffix of executables
configure:2089: icc -o conftest   -O3  -DUNDERSCORE  -DLINUX   conftest.c  >&5
configure:2093: $? = 0
configure:2119: result: 
configure:2125: checking for suffix of object files
configure:2151: icc -c   -O3  -DUNDERSCORE  -DLINUX  conftest.c >&5
configure:2155: $? = 0
configure:2180: result: o
configure:2184: checking whether we are using the GNU C compiler
configure:2213: icc -c   -O3  -DUNDERSCORE  -DLINUX  conftest.c >&5
configure:2220: $? = 0
configure:2237: result: yes
configure:2246: checking whether icc accepts -g
configure:2276: icc -c -g  conftest.c >&5
configure:2283: $? = 0
configure:2384: result: yes
configure:2401: checking for icc option to accept ISO C89
configure:2475: icc  -c   -O3  -DUNDERSCORE  -DLINUX  conftest.c >&5
configure:2482: $? = 0
configure:2505: result: none needed
configure:2629: checking for Fortran compiler version
configure:2637: ifort --version >&5
ifort (IFORT) 14.0.2 20140120
Copyright (C) 1985-2014 Intel Corporation.  All rights reserved.

configure:2641: $? = 0
configure:2648: ifort -v >&5
ifort version 14.0.2
configure:2652: $? = 0
configure:2659: ifort -V >&5
Intel(R) Fortran Intel(R) 64 Compiler XE for applications running on Intel(R) 64, Version 14.0.2.144 Build 20140120
Copyright (C) 1985-2014 Intel Corporation.  All rights reserved.

configure:2663: $? = 0
configure:2671: checking whether we are using the GNU Fortran compiler
configure:2690: ifort -c   -O3  -xHOST  -traceback  conftest.F >&5
conftest.F(3): error #5082: Syntax error, found END-OF-STATEMENT when expecting one of: ( % [ : . = =>
       choke me
---------------^
conftest.F(3): error #6218: This statement is positioned incorrectly and/or has syntax errors.
       choke me
---------------^
compilation aborted for conftest.F (code 1)
configure:2697: $? = 1
configure: failed program was:
|       program main
| #ifndef __GNUC__
|        choke me
| #endif
| 
|       end
configure:2714: result: no
configure:2720: checking whether ifort accepts -g
configure:2737: ifort -c -g  conftest.f >&5
configure:2744: $? = 0
configure:2760: result: yes
configure:2829: checking for a BSD-compatible install
configure:2897: result: /bin/install -c
configure:2951: checking for ar
configure:2967: found /bin/ar
configure:2978: result: ar
configure:3043: checking for ranlib
configure:3059: found /bin/ranlib
configure:3070: result: ranlib
configure:3098: checking if the C and Fortran compilers are "in family"
configure:3108: result: yes
configure:3133: checking for Fortran flag needed to allow free-form source
configure:3158: ifort -c   -O3  -xHOST  -traceback  conftest.f >&5
conftest.f(2): error #5149: Illegal character in statement label field  [p]
  program freeform
--^
conftest.f(2): error #5149: Illegal character in statement label field  [r]
  program freeform
---^
conftest.f(2): error #5149: Illegal character in statement label field  [o]
  program freeform
----^
conftest.f(2): error #5118: First statement in file must not be continued
  program freeform
-----^
conftest.f(2): error #5082: Syntax error, found END-OF-STATEMENT when expecting one of: ( % [ : . = =>
  program freeform
------------------^
conftest.f(4): error #5082: Syntax error, found '&' when expecting one of: ( <IDENTIFIER> <CHAR_CON_KIND_PARAM> <CHAR_NAM_KIND_PARAM> <CHARACTER_CONSTANT> <INTEGER_CONSTANT> ...
       print *, 'Hello ', &
--------------------------^
conftest.f(5): error #5082: Syntax error, found END-OF-STATEMENT when expecting one of: (
           'world.'
-------------------^
conftest.f(5): error #6235: Executable statements are invalid within the BLOCK DATA unit.
           'world.'
-----------^
compilation aborted for conftest.f (code 1)
configure:3165: $? = 1
configure: failed program was:
| 
|   program freeform
|        ! FIXME: how to best confuse non-freeform compilers?
|        print *, 'Hello ', &
|            'world.'
|        end
configure:3158: ifort -c   -O3  -xHOST  -traceback -ffree-form  conftest.f >&5
ifort: command line warning #10006: ignoring unknown option '-ffree-form'
conftest.f(2): error #5149: Illegal character in statement label field  [p]
  program freeform
--^
conftest.f(2): error #5149: Illegal character in statement label field  [r]
  program freeform
---^
conftest.f(2): error #5149: Illegal character in statement label field  [o]
  program freeform
----^
conftest.f(2): error #5118: First statement in file must not be continued
  program freeform
-----^
conftest.f(2): error #5082: Syntax error, found END-OF-STATEMENT when expecting one of: ( % [ : . = =>
  program freeform
------------------^
conftest.f(4): error #5082: Syntax error, found '&' when expecting one of: ( <IDENTIFIER> <CHAR_CON_KIND_PARAM> <CHAR_NAM_KIND_PARAM> <CHARACTER_CONSTANT> <INTEGER_CONSTANT> ...
       print *, 'Hello ', &
--------------------------^
conftest.f(5): error #5082: Syntax error, found END-OF-STATEMENT when expecting one of: (
           'world.'
-------------------^
conftest.f(5): error #6235: Executable statements are invalid within the BLOCK DATA unit.
           'world.'
-----------^
compilation aborted for conftest.f (code 1)
configure:3165: $? = 1
configure: failed program was:
| 
|   program freeform
|        ! FIXME: how to best confuse non-freeform compilers?
|        print *, 'Hello ', &
|            'world.'
|        end
configure:3158: ifort -c   -O3  -xHOST  -traceback -FR  conftest.f >&5
configure:3165: $? = 0
configure:3184: result: -FR
configure:3205: checking for Fortran flag to compile .f files
configure:3227: ifort -c   -O3  -xHOST  -traceback -FR  conftest.f >&5
configure:3234: $? = 0
configure:3253: result: none
configure:3279: checking if platform is little-endian
configure:3282: result: yes
configure:3304: Building precision 4 version.
configure:3366: Building big-endian tests
configure:3508: creating ./config.status

## ---------------------- ##
## Running config.status. ##
## ---------------------- ##

This file was extended by nceplibs bacio config.status v2.1.0, which was
generated by GNU Autoconf 2.63.  Invocation command line was

  CONFIG_FILES    = 
  CONFIG_HEADERS  = 
  CONFIG_LINKS    = 
  CONFIG_COMMANDS = 
  $ ./config.status 

on tfe03

config.status:657: creating Makefile
config.status:657: creating src/Makefile
config.status:657: creating src/test/Makefile

## ---------------- ##
## Cache variables. ##
## ---------------- ##

ac_cv_c_compiler_gnu=yes
ac_cv_env_CC_set=set
ac_cv_env_CC_value=icc
ac_cv_env_CFLAGS_set=set
ac_cv_env_CFLAGS_value='  -O3  -DUNDERSCORE  -DLINUX'
ac_cv_env_CPPFLAGS_set=
ac_cv_env_CPPFLAGS_value=
ac_cv_env_FCFLAGS_set=set
ac_cv_env_FCFLAGS_value='  -O3  -xHOST  -traceback'
ac_cv_env_FC_set=set
ac_cv_env_FC_value=ifort
ac_cv_env_LDFLAGS_set=set
ac_cv_env_LDFLAGS_value=
ac_cv_env_LIBS_set=set
ac_cv_env_LIBS_value=
ac_cv_env_build_alias_set=
ac_cv_env_build_alias_value=
ac_cv_env_host_alias_set=
ac_cv_env_host_alias_value=
ac_cv_env_target_alias_set=
ac_cv_env_target_alias_value=
ac_cv_fc_compiler_gnu=no
ac_cv_fc_freeform=-FR
ac_cv_fc_srcext_f=none
ac_cv_objext=o
ac_cv_path_install='/bin/install -c'
ac_cv_prog_ac_ct_AR=ar
ac_cv_prog_ac_ct_RANLIB=ranlib
ac_cv_prog_cc_c89=
ac_cv_prog_cc_g=yes
ac_cv_prog_fc_g=yes

## ----------------- ##
## Output variables. ##
## ----------------- ##

AR='ar'
ARFLAGS='crvs'
CC='icc'
CFLAGS='  -O3  -DUNDERSCORE  -DLINUX'
CPPFLAGS=''
DEFS='-DPACKAGE_NAME=\"nceplibs\ bacio\" -DPACKAGE_TARNAME=\"bacio\" -DPACKAGE_VERSION=\"v2.1.0\" -DPACKAGE_STRING=\"nceplibs\ bacio\ v2.1.0\" -DPACKAGE_BUGREPORT=\"ncep.list.emc.nceplibs.support@noaa.gov\"'
ECHO_C=''
ECHO_N='-n'
ECHO_T=''
ENDIAN_FCFLAGS='-convert big_endian'
ENDIAN_TYPE='big'
EXEEXT=''
FC='ifort'
FCFLAGS='  -O3  -xHOST  -traceback -FR'
FCFLAGS_f=''
INSTALL_DATA='${INSTALL} -m 644'
INSTALL_PROGRAM='${INSTALL}'
INSTALL_SCRIPT='${INSTALL}'
LDFLAGS=''
LIBOBJS=''
LIBS=''
LTLIBOBJS=''
OBJEXT='o'
PACKAGE_BUGREPORT='ncep.list.emc.nceplibs.support@noaa.gov'
PACKAGE_NAME='nceplibs bacio'
PACKAGE_STRING='nceplibs bacio v2.1.0'
PACKAGE_TARNAME='bacio'
PACKAGE_VERSION='v2.1.0'
PATH_SEPARATOR=':'
PRECISION='4'
RANLIB='ranlib'
SHELL='/bin/sh'
ac_ct_CC=''
ac_ct_FC=''
bindir='${exec_prefix}/bin'
build_alias=''
datadir='${datarootdir}'
datarootdir='${prefix}/share'
docdir='${datarootdir}/doc/${PACKAGE_TARNAME}'
dvidir='${docdir}'
exec_prefix='${prefix}'
host_alias=''
htmldir='${docdir}'
includedir='${prefix}/include'
infodir='${datarootdir}/info'
libdir='${exec_prefix}/lib'
libexecdir='${exec_prefix}/libexec'
localedir='${datarootdir}/locale'
localstatedir='${prefix}/var'
mandir='${datarootdir}/man'
oldincludedir='/usr/include'
pdfdir='${docdir}'
prefix='/home/Hang.Lei/save/library/NCEPLIBS-bacio'
program_transform_name='s,x,x,'
psdir='${docdir}'
sbindir='${exec_prefix}/sbin'
sharedstatedir='${prefix}/com'
sysconfdir='${prefix}/etc'
target_alias=''

## ----------- ##
## confdefs.h. ##
## ----------- ##

#define PACKAGE_NAME "nceplibs bacio"
#define PACKAGE_TARNAME "bacio"
#define PACKAGE_VERSION "v2.1.0"
#define PACKAGE_STRING "nceplibs bacio v2.1.0"
#define PACKAGE_BUGREPORT "ncep.list.emc.nceplibs.support@noaa.gov"

configure: exit 0
